<?xml version="1.0" encoding="UTF-8"?>
<testsuite xmlns:xsi="http://www.w3.org/2001/XMLSchema-instance" xsi:noNamespaceSchemaLocation="https://maven.apache.org/surefire/maven-surefire-plugin/xsd/surefire-test-report.xsd" name="model.UserTest" time="0.001" tests="5" errors="0" skipped="0" failures="0">
  <properties>
[...]
</properties>
  <testcase name="testAccountTypeDefaultsToCustomer" classname="model.UserTest" time="0"/>
  <testcase name="testSetAndGetMethods" classname="model.UserTest" time="0"/>
  <testcase name="testUserConstructor" classname="model.UserTest" time="0"/>
  <testcase name="testStaffAccountType" classname="model.UserTest" time="0"/>
  <testcase name="testFullName" classname="model.UserTest" time="0"/>
</testsuite>