<?xml version="1.0" encoding="UTF-8"?>
<testsuite xmlns:xsi="http://www.w3.org/2001/XMLSchema-instance" xsi:noNamespaceSchemaLocation="https://maven.apache.org/surefire/maven-surefire-plugin/xsd/surefire-test-report.xsd" name="model.ProductTest" time="0.14" tests="14" errors="0" skipped="0" failures="0">
  <properties>
[...]
</properties>
  <testcase name="testGetPrice" classname="model.ProductTest" time="0.005"/>
  <testcase name="testSetFavourited" classname="model.ProductTest" time="0"/>
  <testcase name="testSetDescription" classname="model.ProductTest" time="0"/>
  <testcase name="testIsFavourited" classname="model.ProductTest" time="0"/>
  <testcase name="testGetName" classname="model.ProductTest" time="0"/>
  <testcase name="testGetProductID" classname="model.ProductTest" time="0.001"/>
  <testcase name="testSetQuantity" classname="model.ProductTest" time="0"/>
  <testcase name="testGetQuantity" classname="model.ProductTest" time="0"/>
  <testcase name="testSetImageUrl" classname="model.ProductTest" time="0.001"/>
  <testcase name="testGetImageUrl" classname="model.ProductTest" time="0.001"/>
  <testcase name="testGetDescription" classname="model.ProductTest" time="0"/>
  <testcase name="testSetProductID" classname="model.ProductTest" time="0.001"/>
  <testcase name="testSetName" classname="model.ProductTest" time="0"/>
  <testcase name="testSetPrice" classname="model.ProductTest" time="0"/>
</testsuite>